C:\USERS\MARCUS\DOCUMENTS\GITHUB\OVERWORLDCPP\WIN32\DEBUG\VC110.PDB
C:\USERS\MARCUS\DOCUMENTS\GITHUB\OVERWORLDCPP\WIN32\DEBUG\WINDOW.OBJ
C:\USERS\MARCUS\DOCUMENTS\GITHUB\OVERWORLDCPP\WIN32\DEBUG\GLSHADER.OBJ
C:\USERS\MARCUS\DOCUMENTS\GITHUB\OVERWORLDCPP\WIN32\DEBUG\MAIN.OBJ
C:\USERS\MARCUS\DOCUMENTS\GITHUB\OVERWORLDCPP\WIN32\DEBUG\ALAUDIO.OBJ
C:\USERS\MARCUS\DOCUMENTS\GITHUB\OVERWORLDCPP\WIN32\DEBUG\ALSOURCE.OBJ
C:\USERS\MARCUS\DOCUMENTS\GITHUB\OVERWORLDCPP\WIN32\DEBUG\GLTEXTURE.OBJ
C:\USERS\MARCUS\DOCUMENTS\GITHUB\OVERWORLDCPP\WIN32\DEBUG\GAME.OBJ
C:\USERS\MARCUS\DOCUMENTS\GITHUB\OVERWORLDCPP\WIN32\DEBUG\CONSOLE.OBJ
C:\USERS\MARCUS\DOCUMENTS\GITHUB\OVERWORLDCPP\WIN32\DEBUG\INPUT.OBJ
C:\USERS\MARCUS\DOCUMENTS\GITHUB\OVERWORLDCPP\WIN32\DEBUG\TIMER.OBJ
C:\USERS\MARCUS\DOCUMENTS\GITHUB\OVERWORLDCPP\WIN32\DEBUG\GLGRAPHICS.OBJ
C:\USERS\MARCUS\DOCUMENTS\GITHUB\OVERWORLDCPP\WIN32\DEBUG\FILESYSTEM.OBJ
C:\USERS\MARCUS\DOCUMENTS\GITHUB\OVERWORLDCPP\WIN32\DEBUG\PLUGINS.OBJ
C:\USERS\MARCUS\DOCUMENTS\GITHUB\OVERWORLDCPP\WIN32\DEBUG\MAINMENU.OBJ
C:\USERS\MARCUS\DOCUMENTS\GITHUB\OVERWORLDCPP\WIN32\DEBUG\BUTTON.OBJ
C:\USERS\MARCUS\DOCUMENTS\GITHUB\OVERWORLDCPP\WIN32\DEBUG\UIOBJECT.OBJ
C:\USERS\MARCUS\DOCUMENTS\GITHUB\OVERWORLDCPP\WIN32\DEBUG\RESOURCES.RES
C:\Users\Marcus\Documents\GitHub\OverworldCpp\win32\Debug\alaudio.obj
C:\Users\Marcus\Documents\GitHub\OverworldCpp\win32\Debug\alsource.obj
C:\Users\Marcus\Documents\GitHub\OverworldCpp\win32\Debug\button.obj
C:\Users\Marcus\Documents\GitHub\OverworldCpp\win32\Debug\console.obj
C:\Users\Marcus\Documents\GitHub\OverworldCpp\win32\Debug\filesystem.obj
C:\Users\Marcus\Documents\GitHub\OverworldCpp\win32\Debug\game.obj
C:\Users\Marcus\Documents\GitHub\OverworldCpp\win32\Debug\glgraphics.obj
C:\Users\Marcus\Documents\GitHub\OverworldCpp\win32\Debug\glshader.obj
C:\Users\Marcus\Documents\GitHub\OverworldCpp\win32\Debug\gltexture.obj
C:\Users\Marcus\Documents\GitHub\OverworldCpp\win32\Debug\input.obj
C:\Users\Marcus\Documents\GitHub\OverworldCpp\win32\Debug\main.obj
C:\Users\Marcus\Documents\GitHub\OverworldCpp\win32\Debug\mainmenu.obj
C:\Users\Marcus\Documents\GitHub\OverworldCpp\win32\Debug\plugins.obj
C:\Users\Marcus\Documents\GitHub\OverworldCpp\win32\Debug\timer.obj
C:\Users\Marcus\Documents\GitHub\OverworldCpp\win32\Debug\uiobject.obj
C:\Users\Marcus\Documents\GitHub\OverworldCpp\win32\Debug\window.obj
C:\Users\Marcus\Documents\GitHub\OverworldCpp\win32\Debug\cl.command.1.tlog
C:\Users\Marcus\Documents\GitHub\OverworldCpp\win32\Debug\CL.read.1.tlog
C:\Users\Marcus\Documents\GitHub\OverworldCpp\win32\Debug\CL.write.1.tlog
C:\Users\Marcus\Documents\GitHub\OverworldCpp\win32\Debug\link-cvtres.read.1.tlog
C:\Users\Marcus\Documents\GitHub\OverworldCpp\win32\Debug\link-cvtres.write.1.tlog
C:\Users\Marcus\Documents\GitHub\OverworldCpp\win32\Debug\link-rc.read.1.tlog
C:\Users\Marcus\Documents\GitHub\OverworldCpp\win32\Debug\link-rc.write.1.tlog
C:\Users\Marcus\Documents\GitHub\OverworldCpp\win32\Debug\link.2084-cvtres.read.1.tlog
C:\Users\Marcus\Documents\GitHub\OverworldCpp\win32\Debug\link.2084-cvtres.write.1.tlog
C:\Users\Marcus\Documents\GitHub\OverworldCpp\win32\Debug\link.2084-rc.read.1.tlog
C:\Users\Marcus\Documents\GitHub\OverworldCpp\win32\Debug\link.2084-rc.write.1.tlog
C:\Users\Marcus\Documents\GitHub\OverworldCpp\win32\Debug\link.2084.read.1.tlog
C:\Users\Marcus\Documents\GitHub\OverworldCpp\win32\Debug\link.2084.write.1.tlog
C:\Users\Marcus\Documents\GitHub\OverworldCpp\win32\Debug\link.6608-cvtres.read.1.tlog
C:\Users\Marcus\Documents\GitHub\OverworldCpp\win32\Debug\link.6608-cvtres.write.1.tlog
C:\Users\Marcus\Documents\GitHub\OverworldCpp\win32\Debug\link.6608-rc.read.1.tlog
C:\Users\Marcus\Documents\GitHub\OverworldCpp\win32\Debug\link.6608-rc.write.1.tlog
C:\Users\Marcus\Documents\GitHub\OverworldCpp\win32\Debug\link.6608.read.1.tlog
C:\Users\Marcus\Documents\GitHub\OverworldCpp\win32\Debug\link.6608.write.1.tlog
C:\Users\Marcus\Documents\GitHub\OverworldCpp\win32\Debug\link.6672-cvtres.read.1.tlog
C:\Users\Marcus\Documents\GitHub\OverworldCpp\win32\Debug\link.6672-cvtres.write.1.tlog
C:\Users\Marcus\Documents\GitHub\OverworldCpp\win32\Debug\link.6672-rc.read.1.tlog
C:\Users\Marcus\Documents\GitHub\OverworldCpp\win32\Debug\link.6672-rc.write.1.tlog
C:\Users\Marcus\Documents\GitHub\OverworldCpp\win32\Debug\link.6672.read.1.tlog
C:\Users\Marcus\Documents\GitHub\OverworldCpp\win32\Debug\link.6672.write.1.tlog
C:\Users\Marcus\Documents\GitHub\OverworldCpp\win32\Debug\link.6744-cvtres.read.1.tlog
C:\Users\Marcus\Documents\GitHub\OverworldCpp\win32\Debug\link.6744-cvtres.write.1.tlog
C:\Users\Marcus\Documents\GitHub\OverworldCpp\win32\Debug\link.6744-rc.read.1.tlog
C:\Users\Marcus\Documents\GitHub\OverworldCpp\win32\Debug\link.6744-rc.write.1.tlog
C:\Users\Marcus\Documents\GitHub\OverworldCpp\win32\Debug\link.6744.read.1.tlog
C:\Users\Marcus\Documents\GitHub\OverworldCpp\win32\Debug\link.6744.write.1.tlog
C:\Users\Marcus\Documents\GitHub\OverworldCpp\win32\Debug\link.7144-cvtres.read.1.tlog
C:\Users\Marcus\Documents\GitHub\OverworldCpp\win32\Debug\link.7144-cvtres.write.1.tlog
C:\Users\Marcus\Documents\GitHub\OverworldCpp\win32\Debug\link.7144-rc.read.1.tlog
C:\Users\Marcus\Documents\GitHub\OverworldCpp\win32\Debug\link.7144-rc.write.1.tlog
C:\Users\Marcus\Documents\GitHub\OverworldCpp\win32\Debug\link.7144.read.1.tlog
C:\Users\Marcus\Documents\GitHub\OverworldCpp\win32\Debug\link.7144.write.1.tlog
C:\Users\Marcus\Documents\GitHub\OverworldCpp\win32\Debug\link.7172-cvtres.read.1.tlog
C:\Users\Marcus\Documents\GitHub\OverworldCpp\win32\Debug\link.7172-cvtres.write.1.tlog
C:\Users\Marcus\Documents\GitHub\OverworldCpp\win32\Debug\link.7172-rc.read.1.tlog
C:\Users\Marcus\Documents\GitHub\OverworldCpp\win32\Debug\link.7172-rc.write.1.tlog
C:\Users\Marcus\Documents\GitHub\OverworldCpp\win32\Debug\link.7172.read.1.tlog
C:\Users\Marcus\Documents\GitHub\OverworldCpp\win32\Debug\link.7172.write.1.tlog
C:\Users\Marcus\Documents\GitHub\OverworldCpp\win32\Debug\link.7188-cvtres.read.1.tlog
C:\Users\Marcus\Documents\GitHub\OverworldCpp\win32\Debug\link.7188-cvtres.write.1.tlog
C:\Users\Marcus\Documents\GitHub\OverworldCpp\win32\Debug\link.7188-rc.read.1.tlog
C:\Users\Marcus\Documents\GitHub\OverworldCpp\win32\Debug\link.7188-rc.write.1.tlog
C:\Users\Marcus\Documents\GitHub\OverworldCpp\win32\Debug\link.7188.read.1.tlog
C:\Users\Marcus\Documents\GitHub\OverworldCpp\win32\Debug\link.7188.write.1.tlog
C:\Users\Marcus\Documents\GitHub\OverworldCpp\win32\Debug\link.7628-cvtres.read.1.tlog
C:\Users\Marcus\Documents\GitHub\OverworldCpp\win32\Debug\link.7628-cvtres.write.1.tlog
C:\Users\Marcus\Documents\GitHub\OverworldCpp\win32\Debug\link.7628-rc.read.1.tlog
C:\Users\Marcus\Documents\GitHub\OverworldCpp\win32\Debug\link.7628-rc.write.1.tlog
C:\Users\Marcus\Documents\GitHub\OverworldCpp\win32\Debug\link.7628.read.1.tlog
C:\Users\Marcus\Documents\GitHub\OverworldCpp\win32\Debug\link.7628.write.1.tlog
C:\Users\Marcus\Documents\GitHub\OverworldCpp\win32\Debug\link.7752-cvtres.read.1.tlog
C:\Users\Marcus\Documents\GitHub\OverworldCpp\win32\Debug\link.7752-cvtres.write.1.tlog
C:\Users\Marcus\Documents\GitHub\OverworldCpp\win32\Debug\link.7752-rc.read.1.tlog
C:\Users\Marcus\Documents\GitHub\OverworldCpp\win32\Debug\link.7752-rc.write.1.tlog
C:\Users\Marcus\Documents\GitHub\OverworldCpp\win32\Debug\link.7752.read.1.tlog
C:\Users\Marcus\Documents\GitHub\OverworldCpp\win32\Debug\link.7752.write.1.tlog
C:\Users\Marcus\Documents\GitHub\OverworldCpp\win32\Debug\link.8028-cvtres.read.1.tlog
C:\Users\Marcus\Documents\GitHub\OverworldCpp\win32\Debug\link.8028-cvtres.write.1.tlog
C:\Users\Marcus\Documents\GitHub\OverworldCpp\win32\Debug\link.8028-rc.read.1.tlog
C:\Users\Marcus\Documents\GitHub\OverworldCpp\win32\Debug\link.8028-rc.write.1.tlog
C:\Users\Marcus\Documents\GitHub\OverworldCpp\win32\Debug\link.8028.read.1.tlog
C:\Users\Marcus\Documents\GitHub\OverworldCpp\win32\Debug\link.8028.write.1.tlog
C:\Users\Marcus\Documents\GitHub\OverworldCpp\win32\Debug\link.8752-cvtres.read.1.tlog
C:\Users\Marcus\Documents\GitHub\OverworldCpp\win32\Debug\link.8752-cvtres.write.1.tlog
C:\Users\Marcus\Documents\GitHub\OverworldCpp\win32\Debug\link.8752-rc.read.1.tlog
C:\Users\Marcus\Documents\GitHub\OverworldCpp\win32\Debug\link.8752-rc.write.1.tlog
C:\Users\Marcus\Documents\GitHub\OverworldCpp\win32\Debug\link.8752.read.1.tlog
C:\Users\Marcus\Documents\GitHub\OverworldCpp\win32\Debug\link.8752.write.1.tlog
C:\Users\Marcus\Documents\GitHub\OverworldCpp\win32\Debug\link.command.1.tlog
C:\Users\Marcus\Documents\GitHub\OverworldCpp\win32\Debug\link.read.1.tlog
C:\Users\Marcus\Documents\GitHub\OverworldCpp\win32\Debug\link.write.1.tlog
C:\Users\Marcus\Documents\GitHub\OverworldCpp\win32\Debug\rc.command.1.tlog
C:\Users\Marcus\Documents\GitHub\OverworldCpp\win32\Debug\rc.read.1.tlog
C:\Users\Marcus\Documents\GitHub\OverworldCpp\win32\Debug\rc.write.1.tlog
C:\Users\Marcus\Documents\GitHub\OverworldCpp\win32\Debug\resources.res
C:\Users\Marcus\Documents\GitHub\OverworldCpp\win32\Debug\vc110.idb
C:\Users\Marcus\Documents\GitHub\OverworldCpp\win32\Debug\vc110.pdb
